app/build/intermediates/manifest_merge_blame_file/release/processReleaseMainManifest/manifest-merger-blame-release-report.txt
1<?xml version="1.0" encoding="utf-8"?>
2<manifest xmlns:android="http://schemas.android.com/apk/res/android"
3    package="com.trustnetid.app"
4    android:versionCode="1"
5    android:versionName="0.1.0" >
6
7    <uses-sdk
8        android:minSdkVersion="23"
9        android:targetSdkVersion="34" />
10
11    <!-- NFC Permissions -->
12    <uses-permission android:name="android.permission.NFC" />
12-->src/main/AndroidManifest.xml:6:5-62
12-->src/main/AndroidManifest.xml:6:22-59
13
14    <uses-feature
14-->src/main/AndroidManifest.xml:7:5-9:35
15        android:name="android.hardware.nfc"
15-->src/main/AndroidManifest.xml:8:9-44
16        android:required="true" />
16-->src/main/AndroidManifest.xml:9:9-32
17
18    <!-- Camera Permissions -->
19    <uses-permission android:name="android.permission.CAMERA" />
19-->src/main/AndroidManifest.xml:12:5-65
19-->src/main/AndroidManifest.xml:12:22-62
20
21    <uses-feature
21-->src/main/AndroidManifest.xml:13:5-15:35
22        android:name="android.hardware.camera"
22-->src/main/AndroidManifest.xml:14:9-47
23        android:required="true" />
23-->src/main/AndroidManifest.xml:15:9-32
24
25    <permission
25-->[androidx.core:core:1.12.0] AndroidManifest.xml:22:5-24:47
26        android:name="com.trustnetid.app.DYNAMIC_RECEIVER_NOT_EXPORTED_PERMISSION"
26-->[androidx.core:core:1.12.0] AndroidManifest.xml:23:9-81
27        android:protectionLevel="signature" />
27-->[androidx.core:core:1.12.0] AndroidManifest.xml:24:9-44
28
29    <uses-permission android:name="com.trustnetid.app.DYNAMIC_RECEIVER_NOT_EXPORTED_PERMISSION" /> <!-- Although the *SdkVersion is captured in gradle build files, this is required for non gradle builds -->
29-->[androidx.core:core:1.12.0] AndroidManifest.xml:26:5-97
29-->[androidx.core:core:1.12.0] AndroidManifest.xml:26:22-94
30    <!-- <uses-sdk android:minSdkVersion="14"/> -->
31    <uses-permission android:name="android.permission.ACCESS_NETWORK_STATE" />
31-->[com.google.android.datatransport:transport-backend-cct:2.3.3] AndroidManifest.xml:25:5-79
31-->[com.google.android.datatransport:transport-backend-cct:2.3.3] AndroidManifest.xml:25:22-76
32    <uses-permission android:name="android.permission.INTERNET" />
32-->[com.google.android.datatransport:transport-backend-cct:2.3.3] AndroidManifest.xml:26:5-67
32-->[com.google.android.datatransport:transport-backend-cct:2.3.3] AndroidManifest.xml:26:22-64
33
34    <application
34-->src/main/AndroidManifest.xml:17:5-83:19
35        android:allowBackup="true"
35-->src/main/AndroidManifest.xml:18:9-35
36        android:appComponentFactory="androidx.core.app.CoreComponentFactory"
36-->[androidx.core:core:1.12.0] AndroidManifest.xml:28:18-86
37        android:extractNativeLibs="false"
38        android:icon="@mipmap/ic_launcher"
38-->src/main/AndroidManifest.xml:19:9-43
39        android:label="@string/app_name"
39-->src/main/AndroidManifest.xml:20:9-41
40        android:roundIcon="@mipmap/ic_launcher_round"
40-->src/main/AndroidManifest.xml:21:9-54
41        android:supportsRtl="true"
41-->src/main/AndroidManifest.xml:22:9-35
42        android:theme="@style/Theme.TrustNetApp" >
42-->src/main/AndroidManifest.xml:23:9-49
43        <activity
43-->src/main/AndroidManifest.xml:25:9-32:20
44            android:name="com.trustnetid.app.SplashActivity"
44-->src/main/AndroidManifest.xml:26:13-43
45            android:exported="true" >
45-->src/main/AndroidManifest.xml:27:13-36
46            <intent-filter>
46-->src/main/AndroidManifest.xml:28:13-31:29
47                <action android:name="android.intent.action.MAIN" />
47-->src/main/AndroidManifest.xml:29:17-69
47-->src/main/AndroidManifest.xml:29:25-66
48
49                <category android:name="android.intent.category.LAUNCHER" />
49-->src/main/AndroidManifest.xml:30:17-77
49-->src/main/AndroidManifest.xml:30:27-74
50            </intent-filter>
51        </activity>
52        <activity
52-->src/main/AndroidManifest.xml:34:9-56:20
53            android:name="com.trustnetid.app.MainActivity"
53-->src/main/AndroidManifest.xml:35:13-41
54            android:exported="true"
54-->src/main/AndroidManifest.xml:36:13-36
55            android:launchMode="singleTop" >
55-->src/main/AndroidManifest.xml:37:13-43
56
57            <!--
58            CRITICAL: NFC intent filters REMOVED!
59            
60            Using NFCProgressActivity.enableReaderMode() instead (app-controlled, no intent interference).
61            This gives NFCProgressActivity exclusive NFC control without Android sending intents to other activities.
62            
63            If we keep the intent filters below, Android will:
64            1. Deliver TECH_DISCOVERED intent to MainActivity
65            2. Launch MainActivity to foreground
66            3. Pause NFCProgressActivity
67            4. Activity loses focus → screen disappears
68            5. Device NFC handler takes over
69            
70            With intent filters removed:
71            - Only NFCProgressActivity gets NFC callbacks (via enableReaderMode)
72            - No interference from Android's intent system
73            - App has exclusive control for entire BAC + Phase 2 transaction
74            -->
75        </activity>
76
77        <!-- Document Type Selection Activity -->
78        <activity
78-->src/main/AndroidManifest.xml:59:9-61:40
79            android:name="com.trustnetid.app.DocumentTypeActivity"
79-->src/main/AndroidManifest.xml:60:13-49
80            android:exported="false" />
80-->src/main/AndroidManifest.xml:61:13-37
81
82        <!-- Camera Activity for capturing document and extracting CAN -->
83        <activity
83-->src/main/AndroidManifest.xml:64:9-66:40
84            android:name="com.trustnetid.app.CameraActivity"
84-->src/main/AndroidManifest.xml:65:13-43
85            android:exported="false" />
85-->src/main/AndroidManifest.xml:66:13-37
86
87        <!-- Confirmation Activity for verifying and editing extracted MRZ data -->
88        <activity
88-->src/main/AndroidManifest.xml:69:9-71:40
89            android:name="com.trustnetid.app.ConfirmationActivity"
89-->src/main/AndroidManifest.xml:70:13-49
90            android:exported="false" />
90-->src/main/AndroidManifest.xml:71:13-37
91
92        <!-- NFC Scanning Activity (uses app-controlled NfcAdapter.enableReaderMode) -->
93        <activity
93-->src/main/AndroidManifest.xml:74:9-76:40
94            android:name="com.trustnetid.app.NFCProgressActivity"
94-->src/main/AndroidManifest.xml:75:13-48
95            android:exported="false" />
95-->src/main/AndroidManifest.xml:76:13-37
96
97        <!-- Passport Confirmation Activity (displays extracted data for user verification) -->
98        <activity
98-->src/main/AndroidManifest.xml:79:9-81:40
99            android:name="com.trustnetid.app.PassportConfirmationActivity"
99-->src/main/AndroidManifest.xml:80:13-57
100            android:exported="false" />
100-->src/main/AndroidManifest.xml:81:13-37
101
102        <service
102-->[androidx.camera:camera-camera2:1.3.0] AndroidManifest.xml:24:9-33:19
103            android:name="androidx.camera.core.impl.MetadataHolderService"
103-->[androidx.camera:camera-camera2:1.3.0] AndroidManifest.xml:25:13-75
104            android:enabled="false"
104-->[androidx.camera:camera-camera2:1.3.0] AndroidManifest.xml:26:13-36
105            android:exported="false" >
105-->[androidx.camera:camera-camera2:1.3.0] AndroidManifest.xml:27:13-37
106            <meta-data
106-->[androidx.camera:camera-camera2:1.3.0] AndroidManifest.xml:30:13-32:89
107                android:name="androidx.camera.core.impl.MetadataHolderService.DEFAULT_CONFIG_PROVIDER"
107-->[androidx.camera:camera-camera2:1.3.0] AndroidManifest.xml:31:17-103
108                android:value="androidx.camera.camera2.Camera2Config$DefaultProvider" />
108-->[androidx.camera:camera-camera2:1.3.0] AndroidManifest.xml:32:17-86
109        </service>
110
111        <provider
111-->[androidx.emoji2:emoji2:1.2.0] AndroidManifest.xml:24:9-32:20
112            android:name="androidx.startup.InitializationProvider"
112-->[androidx.emoji2:emoji2:1.2.0] AndroidManifest.xml:25:13-67
113            android:authorities="com.trustnetid.app.androidx-startup"
113-->[androidx.emoji2:emoji2:1.2.0] AndroidManifest.xml:26:13-68
114            android:exported="false" >
114-->[androidx.emoji2:emoji2:1.2.0] AndroidManifest.xml:27:13-37
115            <meta-data
115-->[androidx.emoji2:emoji2:1.2.0] AndroidManifest.xml:29:13-31:52
116                android:name="androidx.emoji2.text.EmojiCompatInitializer"
116-->[androidx.emoji2:emoji2:1.2.0] AndroidManifest.xml:30:17-75
117                android:value="androidx.startup" />
117-->[androidx.emoji2:emoji2:1.2.0] AndroidManifest.xml:31:17-49
118            <meta-data
118-->[androidx.lifecycle:lifecycle-process:2.6.1] AndroidManifest.xml:29:13-31:52
119                android:name="androidx.lifecycle.ProcessLifecycleInitializer"
119-->[androidx.lifecycle:lifecycle-process:2.6.1] AndroidManifest.xml:30:17-78
120                android:value="androidx.startup" />
120-->[androidx.lifecycle:lifecycle-process:2.6.1] AndroidManifest.xml:31:17-49
121            <meta-data
121-->[androidx.profileinstaller:profileinstaller:1.3.0] AndroidManifest.xml:29:13-31:52
122                android:name="androidx.profileinstaller.ProfileInstallerInitializer"
122-->[androidx.profileinstaller:profileinstaller:1.3.0] AndroidManifest.xml:30:17-85
123                android:value="androidx.startup" />
123-->[androidx.profileinstaller:profileinstaller:1.3.0] AndroidManifest.xml:31:17-49
124        </provider>
125
126        <service
126-->[com.google.android.gms:play-services-mlkit-text-recognition-common:19.0.0] AndroidManifest.xml:9:9-15:19
127            android:name="com.google.mlkit.common.internal.MlKitComponentDiscoveryService"
127-->[com.google.android.gms:play-services-mlkit-text-recognition-common:19.0.0] AndroidManifest.xml:10:13-91
128            android:directBootAware="true"
128-->[com.google.mlkit:common:18.8.0] AndroidManifest.xml:17:13-43
129            android:exported="false" >
129-->[com.google.android.gms:play-services-mlkit-text-recognition-common:19.0.0] AndroidManifest.xml:11:13-37
130            <meta-data
130-->[com.google.android.gms:play-services-mlkit-text-recognition-common:19.0.0] AndroidManifest.xml:12:13-14:85
131                android:name="com.google.firebase.components:com.google.mlkit.vision.text.internal.TextRegistrar"
131-->[com.google.android.gms:play-services-mlkit-text-recognition-common:19.0.0] AndroidManifest.xml:13:17-114
132                android:value="com.google.firebase.components.ComponentRegistrar" />
132-->[com.google.android.gms:play-services-mlkit-text-recognition-common:19.0.0] AndroidManifest.xml:14:17-82
133            <meta-data
133-->[com.google.mlkit:vision-common:17.3.0] AndroidManifest.xml:12:13-14:85
134                android:name="com.google.firebase.components:com.google.mlkit.vision.common.internal.VisionCommonRegistrar"
134-->[com.google.mlkit:vision-common:17.3.0] AndroidManifest.xml:13:17-124
135                android:value="com.google.firebase.components.ComponentRegistrar" />
135-->[com.google.mlkit:vision-common:17.3.0] AndroidManifest.xml:14:17-82
136            <meta-data
136-->[com.google.mlkit:common:18.8.0] AndroidManifest.xml:20:13-22:85
137                android:name="com.google.firebase.components:com.google.mlkit.common.internal.CommonComponentRegistrar"
137-->[com.google.mlkit:common:18.8.0] AndroidManifest.xml:21:17-120
138                android:value="com.google.firebase.components.ComponentRegistrar" />
138-->[com.google.mlkit:common:18.8.0] AndroidManifest.xml:22:17-82
139        </service>
140
141        <provider
141-->[com.google.mlkit:common:18.8.0] AndroidManifest.xml:9:9-13:38
142            android:name="com.google.mlkit.common.internal.MlKitInitProvider"
142-->[com.google.mlkit:common:18.8.0] AndroidManifest.xml:10:13-78
143            android:authorities="com.trustnetid.app.mlkitinitprovider"
143-->[com.google.mlkit:common:18.8.0] AndroidManifest.xml:11:13-69
144            android:exported="false"
144-->[com.google.mlkit:common:18.8.0] AndroidManifest.xml:12:13-37
145            android:initOrder="99" />
145-->[com.google.mlkit:common:18.8.0] AndroidManifest.xml:13:13-35
146
147        <activity
147-->[com.google.android.gms:play-services-base:18.1.0] AndroidManifest.xml:20:9-22:45
148            android:name="com.google.android.gms.common.api.GoogleApiActivity"
148-->[com.google.android.gms:play-services-base:18.1.0] AndroidManifest.xml:20:19-85
149            android:exported="false"
149-->[com.google.android.gms:play-services-base:18.1.0] AndroidManifest.xml:22:19-43
150            android:theme="@android:style/Theme.Translucent.NoTitleBar" />
150-->[com.google.android.gms:play-services-base:18.1.0] AndroidManifest.xml:21:19-78
151
152        <meta-data
152-->[com.google.android.gms:play-services-basement:18.1.0] AndroidManifest.xml:21:9-23:69
153            android:name="com.google.android.gms.version"
153-->[com.google.android.gms:play-services-basement:18.1.0] AndroidManifest.xml:22:13-58
154            android:value="@integer/google_play_services_version" />
154-->[com.google.android.gms:play-services-basement:18.1.0] AndroidManifest.xml:23:13-66
155
156        <receiver
156-->[androidx.profileinstaller:profileinstaller:1.3.0] AndroidManifest.xml:34:9-52:20
157            android:name="androidx.profileinstaller.ProfileInstallReceiver"
157-->[androidx.profileinstaller:profileinstaller:1.3.0] AndroidManifest.xml:35:13-76
158            android:directBootAware="false"
158-->[androidx.profileinstaller:profileinstaller:1.3.0] AndroidManifest.xml:36:13-44
159            android:enabled="true"
159-->[androidx.profileinstaller:profileinstaller:1.3.0] AndroidManifest.xml:37:13-35
160            android:exported="true"
160-->[androidx.profileinstaller:profileinstaller:1.3.0] AndroidManifest.xml:38:13-36
161            android:permission="android.permission.DUMP" >
161-->[androidx.profileinstaller:profileinstaller:1.3.0] AndroidManifest.xml:39:13-57
162            <intent-filter>
162-->[androidx.profileinstaller:profileinstaller:1.3.0] AndroidManifest.xml:40:13-42:29
163                <action android:name="androidx.profileinstaller.action.INSTALL_PROFILE" />
163-->[androidx.profileinstaller:profileinstaller:1.3.0] AndroidManifest.xml:41:17-91
163-->[androidx.profileinstaller:profileinstaller:1.3.0] AndroidManifest.xml:41:25-88
164            </intent-filter>
165            <intent-filter>
165-->[androidx.profileinstaller:profileinstaller:1.3.0] AndroidManifest.xml:43:13-45:29
166                <action android:name="androidx.profileinstaller.action.SKIP_FILE" />
166-->[androidx.profileinstaller:profileinstaller:1.3.0] AndroidManifest.xml:44:17-85
166-->[androidx.profileinstaller:profileinstaller:1.3.0] AndroidManifest.xml:44:25-82
167            </intent-filter>
168            <intent-filter>
168-->[androidx.profileinstaller:profileinstaller:1.3.0] AndroidManifest.xml:46:13-48:29
169                <action android:name="androidx.profileinstaller.action.SAVE_PROFILE" />
169-->[androidx.profileinstaller:profileinstaller:1.3.0] AndroidManifest.xml:47:17-88
169-->[androidx.profileinstaller:profileinstaller:1.3.0] AndroidManifest.xml:47:25-85
170            </intent-filter>
171            <intent-filter>
171-->[androidx.profileinstaller:profileinstaller:1.3.0] AndroidManifest.xml:49:13-51:29
172                <action android:name="androidx.profileinstaller.action.BENCHMARK_OPERATION" />
172-->[androidx.profileinstaller:profileinstaller:1.3.0] AndroidManifest.xml:50:17-95
172-->[androidx.profileinstaller:profileinstaller:1.3.0] AndroidManifest.xml:50:25-92
173            </intent-filter>
174        </receiver>
175
176        <service
176-->[com.google.android.datatransport:transport-backend-cct:2.3.3] AndroidManifest.xml:29:9-35:19
177            android:name="com.google.android.datatransport.runtime.backends.TransportBackendDiscovery"
177-->[com.google.android.datatransport:transport-backend-cct:2.3.3] AndroidManifest.xml:30:13-103
178            android:exported="false" >
178-->[com.google.android.datatransport:transport-backend-cct:2.3.3] AndroidManifest.xml:31:13-37
179            <meta-data
179-->[com.google.android.datatransport:transport-backend-cct:2.3.3] AndroidManifest.xml:32:13-34:39
180                android:name="backend:com.google.android.datatransport.cct.CctBackendFactory"
180-->[com.google.android.datatransport:transport-backend-cct:2.3.3] AndroidManifest.xml:33:17-94
181                android:value="cct" />
181-->[com.google.android.datatransport:transport-backend-cct:2.3.3] AndroidManifest.xml:34:17-36
182        </service>
183        <service
183-->[com.google.android.datatransport:transport-runtime:2.2.6] AndroidManifest.xml:26:9-30:19
184            android:name="com.google.android.datatransport.runtime.scheduling.jobscheduling.JobInfoSchedulerService"
184-->[com.google.android.datatransport:transport-runtime:2.2.6] AndroidManifest.xml:27:13-117
185            android:exported="false"
185-->[com.google.android.datatransport:transport-runtime:2.2.6] AndroidManifest.xml:28:13-37
186            android:permission="android.permission.BIND_JOB_SERVICE" >
186-->[com.google.android.datatransport:transport-runtime:2.2.6] AndroidManifest.xml:29:13-69
187        </service>
188
189        <receiver
189-->[com.google.android.datatransport:transport-runtime:2.2.6] AndroidManifest.xml:32:9-34:40
190            android:name="com.google.android.datatransport.runtime.scheduling.jobscheduling.AlarmManagerSchedulerBroadcastReceiver"
190-->[com.google.android.datatransport:transport-runtime:2.2.6] AndroidManifest.xml:33:13-132
191            android:exported="false" />
191-->[com.google.android.datatransport:transport-runtime:2.2.6] AndroidManifest.xml:34:13-37
192    </application>
193
194</manifest>